2019-09-17 15:49:17,965 INFO bakning.application.banking.BankingApplication [main] Starting BankingApplication on WKMIN7305200 with PID 27109 (/Users/vardamod/IdeaProjects/banking/target/classes started by vardamod in /Users/vardamod/IdeaProjects/banking)
2019-09-17 15:49:17,967 INFO bakning.application.banking.BankingApplication [main] No active profile set, falling back to default profiles: default
2019-09-17 15:49:18,990 INFO org.apache.catalina.core.StandardService [main] Starting service [Tomcat]
2019-09-17 15:49:18,990 INFO org.apache.catalina.core.StandardEngine [main] Starting Servlet engine: [Apache Tomcat/9.0.24]
2019-09-17 15:49:19,068 INFO org.apache.catalina.core.ContainerBase.[Tomcat].[localhost].[/] [main] Initializing Spring embedded WebApplicationContext
2019-09-17 15:49:19,174 INFO com.zaxxer.hikari.HikariDataSource [main] HikariPool-1 - Starting...
2019-09-17 15:49:19,247 INFO com.zaxxer.hikari.HikariDataSource [main] HikariPool-1 - Start completed.
2019-09-17 15:49:19,291 INFO org.hibernate.jpa.internal.util.LogHelper [main] HHH000204: Processing PersistenceUnitInfo [
	name: default
	...]
2019-09-17 15:49:19,331 INFO org.hibernate.Version [main] HHH000412: Hibernate Core {5.3.11.Final}
2019-09-17 15:49:19,332 INFO org.hibernate.cfg.Environment [main] HHH000206: hibernate.properties not found
2019-09-17 15:49:19,505 INFO org.hibernate.annotations.common.Version [main] HCANN000001: Hibernate Commons Annotations {5.0.4.Final}
2019-09-17 15:49:19,609 INFO org.hibernate.dialect.Dialect [main] HHH000400: Using dialect: org.hibernate.dialect.PostgreSQL95Dialect
2019-09-17 15:49:19,621 INFO org.hibernate.engine.jdbc.env.internal.LobCreatorBuilderImpl [main] HHH000422: Disabling contextual LOB creation as connection was null
2019-09-17 15:49:19,625 INFO org.hibernate.type.BasicTypeRegistry [main] HHH000270: Type registration [java.util.UUID] overrides previous : org.hibernate.type.UUIDBinaryType@2eadc9f6
2019-09-17 15:49:19,693 INFO com.zaxxer.hikari.HikariDataSource [main] HikariPool-1 - Shutdown initiated...
2019-09-17 15:49:19,695 INFO com.zaxxer.hikari.HikariDataSource [main] HikariPool-1 - Shutdown completed.
2019-09-17 15:49:19,698 INFO org.apache.catalina.core.StandardService [main] Stopping service [Tomcat]
2019-09-17 15:49:19,717 ERROR org.springframework.boot.SpringApplication [main] Application run failed
org.springframework.beans.factory.BeanCreationException: Error creating bean with name 'entityManagerFactory' defined in class path resource [org/springframework/boot/autoconfigure/orm/jpa/HibernateJpaConfiguration.class]: Invocation of init method failed; nested exception is org.hibernate.AnnotationException: Illegal attempt to map a non collection as a @OneToMany, @ManyToMany or @CollectionOfElements: bakning.application.banking.entity.Customer.account
	at org.springframework.beans.factory.support.AbstractAutowireCapableBeanFactory.initializeBean(AbstractAutowireCapableBeanFactory.java:1778)
	at org.springframework.beans.factory.support.AbstractAutowireCapableBeanFactory.doCreateBean(AbstractAutowireCapableBeanFactory.java:593)
	at org.springframework.beans.factory.support.AbstractAutowireCapableBeanFactory.createBean(AbstractAutowireCapableBeanFactory.java:515)
	at org.springframework.beans.factory.support.AbstractBeanFactory.lambda$doGetBean$0(AbstractBeanFactory.java:320)
	at org.springframework.beans.factory.support.DefaultSingletonBeanRegistry.getSingleton(DefaultSingletonBeanRegistry.java:222)
	at org.springframework.beans.factory.support.AbstractBeanFactory.doGetBean(AbstractBeanFactory.java:318)
	at org.springframework.beans.factory.support.AbstractBeanFactory.getBean(AbstractBeanFactory.java:199)
	at org.springframework.context.support.AbstractApplicationContext.getBean(AbstractApplicationContext.java:1105)
	at org.springframework.context.support.AbstractApplicationContext.finishBeanFactoryInitialization(AbstractApplicationContext.java:867)
	at org.springframework.context.support.AbstractApplicationContext.refresh(AbstractApplicationContext.java:549)
	at org.springframework.boot.web.servlet.context.ServletWebServerApplicationContext.refresh(ServletWebServerApplicationContext.java:141)
	at org.springframework.boot.SpringApplication.refresh(SpringApplication.java:744)
	at org.springframework.boot.SpringApplication.refreshContext(SpringApplication.java:391)
	at org.springframework.boot.SpringApplication.run(SpringApplication.java:312)
	at org.springframework.boot.SpringApplication.run(SpringApplication.java:1215)
	at org.springframework.boot.SpringApplication.run(SpringApplication.java:1204)
	at bakning.application.banking.BankingApplication.main(BankingApplication.java:10)
Caused by: org.hibernate.AnnotationException: Illegal attempt to map a non collection as a @OneToMany, @ManyToMany or @CollectionOfElements: bakning.application.banking.entity.Customer.account
	at org.hibernate.cfg.annotations.CollectionBinder.getCollectionBinder(CollectionBinder.java:332)
	at org.hibernate.cfg.AnnotationBinder.processElementAnnotations(AnnotationBinder.java:1901)
	at org.hibernate.cfg.AnnotationBinder.processIdPropertiesIfNotAlready(AnnotationBinder.java:969)
	at org.hibernate.cfg.AnnotationBinder.bindClass(AnnotationBinder.java:796)
	at org.hibernate.boot.model.source.internal.annotations.AnnotationMetadataSourceProcessorImpl.processEntityHierarchies(AnnotationMetadataSourceProcessorImpl.java:250)
	at org.hibernate.boot.model.process.spi.MetadataBuildingProcess$1.processEntityHierarchies(MetadataBuildingProcess.java:231)
	at org.hibernate.boot.model.process.spi.MetadataBuildingProcess.complete(MetadataBuildingProcess.java:274)
	at org.hibernate.jpa.boot.internal.EntityManagerFactoryBuilderImpl.metadata(EntityManagerFactoryBuilderImpl.java:904)
	at org.hibernate.jpa.boot.internal.EntityManagerFactoryBuilderImpl.build(EntityManagerFactoryBuilderImpl.java:935)
	at org.springframework.orm.jpa.vendor.SpringHibernateJpaPersistenceProvider.createContainerEntityManagerFactory(SpringHibernateJpaPersistenceProvider.java:57)
	at org.springframework.orm.jpa.LocalContainerEntityManagerFactoryBean.createNativeEntityManagerFactory(LocalContainerEntityManagerFactoryBean.java:365)
	at org.springframework.orm.jpa.AbstractEntityManagerFactoryBean.buildNativeEntityManagerFactory(AbstractEntityManagerFactoryBean.java:390)
	at org.springframework.orm.jpa.AbstractEntityManagerFactoryBean.afterPropertiesSet(AbstractEntityManagerFactoryBean.java:377)
	at org.springframework.orm.jpa.LocalContainerEntityManagerFactoryBean.afterPropertiesSet(LocalContainerEntityManagerFactoryBean.java:341)
	at org.springframework.beans.factory.support.AbstractAutowireCapableBeanFactory.invokeInitMethods(AbstractAutowireCapableBeanFactory.java:1837)
	at org.springframework.beans.factory.support.AbstractAutowireCapableBeanFactory.initializeBean(AbstractAutowireCapableBeanFactory.java:1774)
	... 16 common frames omitted
2019-09-17 15:50:33,412 INFO bakning.application.banking.BankingApplication [main] Starting BankingApplication on WKMIN7305200 with PID 27135 (/Users/vardamod/IdeaProjects/banking/target/classes started by vardamod in /Users/vardamod/IdeaProjects/banking)
2019-09-17 15:50:33,414 INFO bakning.application.banking.BankingApplication [main] No active profile set, falling back to default profiles: default
2019-09-17 15:50:34,269 INFO org.apache.catalina.core.StandardService [main] Starting service [Tomcat]
2019-09-17 15:50:34,269 INFO org.apache.catalina.core.StandardEngine [main] Starting Servlet engine: [Apache Tomcat/9.0.24]
2019-09-17 15:50:34,331 INFO org.apache.catalina.core.ContainerBase.[Tomcat].[localhost].[/] [main] Initializing Spring embedded WebApplicationContext
2019-09-17 15:50:34,422 INFO com.zaxxer.hikari.HikariDataSource [main] HikariPool-1 - Starting...
2019-09-17 15:50:34,466 INFO com.zaxxer.hikari.HikariDataSource [main] HikariPool-1 - Start completed.
2019-09-17 15:50:34,503 INFO org.hibernate.jpa.internal.util.LogHelper [main] HHH000204: Processing PersistenceUnitInfo [
	name: default
	...]
2019-09-17 15:50:34,550 INFO org.hibernate.Version [main] HHH000412: Hibernate Core {5.3.11.Final}
2019-09-17 15:50:34,551 INFO org.hibernate.cfg.Environment [main] HHH000206: hibernate.properties not found
2019-09-17 15:50:34,694 INFO org.hibernate.annotations.common.Version [main] HCANN000001: Hibernate Commons Annotations {5.0.4.Final}
2019-09-17 15:50:34,783 INFO org.hibernate.dialect.Dialect [main] HHH000400: Using dialect: org.hibernate.dialect.PostgreSQL95Dialect
2019-09-17 15:50:34,797 INFO org.hibernate.engine.jdbc.env.internal.LobCreatorBuilderImpl [main] HHH000422: Disabling contextual LOB creation as connection was null
2019-09-17 15:50:34,801 INFO org.hibernate.type.BasicTypeRegistry [main] HHH000270: Type registration [java.util.UUID] overrides previous : org.hibernate.type.UUIDBinaryType@4fc142ec
2019-09-17 15:50:34,879 INFO com.zaxxer.hikari.HikariDataSource [main] HikariPool-1 - Shutdown initiated...
2019-09-17 15:50:34,882 INFO com.zaxxer.hikari.HikariDataSource [main] HikariPool-1 - Shutdown completed.
2019-09-17 15:50:34,884 INFO org.apache.catalina.core.StandardService [main] Stopping service [Tomcat]
2019-09-17 15:50:34,901 ERROR org.springframework.boot.SpringApplication [main] Application run failed
org.springframework.beans.factory.BeanCreationException: Error creating bean with name 'entityManagerFactory' defined in class path resource [org/springframework/boot/autoconfigure/orm/jpa/HibernateJpaConfiguration.class]: Invocation of init method failed; nested exception is org.hibernate.AnnotationException: Illegal attempt to map a non collection as a @OneToMany, @ManyToMany or @CollectionOfElements: bakning.application.banking.entity.Customer.account
	at org.springframework.beans.factory.support.AbstractAutowireCapableBeanFactory.initializeBean(AbstractAutowireCapableBeanFactory.java:1778)
	at org.springframework.beans.factory.support.AbstractAutowireCapableBeanFactory.doCreateBean(AbstractAutowireCapableBeanFactory.java:593)
	at org.springframework.beans.factory.support.AbstractAutowireCapableBeanFactory.createBean(AbstractAutowireCapableBeanFactory.java:515)
	at org.springframework.beans.factory.support.AbstractBeanFactory.lambda$doGetBean$0(AbstractBeanFactory.java:320)
	at org.springframework.beans.factory.support.DefaultSingletonBeanRegistry.getSingleton(DefaultSingletonBeanRegistry.java:222)
	at org.springframework.beans.factory.support.AbstractBeanFactory.doGetBean(AbstractBeanFactory.java:318)
	at org.springframework.beans.factory.support.AbstractBeanFactory.getBean(AbstractBeanFactory.java:199)
	at org.springframework.context.support.AbstractApplicationContext.getBean(AbstractApplicationContext.java:1105)
	at org.springframework.context.support.AbstractApplicationContext.finishBeanFactoryInitialization(AbstractApplicationContext.java:867)
	at org.springframework.context.support.AbstractApplicationContext.refresh(AbstractApplicationContext.java:549)
	at org.springframework.boot.web.servlet.context.ServletWebServerApplicationContext.refresh(ServletWebServerApplicationContext.java:141)
	at org.springframework.boot.SpringApplication.refresh(SpringApplication.java:744)
	at org.springframework.boot.SpringApplication.refreshContext(SpringApplication.java:391)
	at org.springframework.boot.SpringApplication.run(SpringApplication.java:312)
	at org.springframework.boot.SpringApplication.run(SpringApplication.java:1215)
	at org.springframework.boot.SpringApplication.run(SpringApplication.java:1204)
	at bakning.application.banking.BankingApplication.main(BankingApplication.java:10)
Caused by: org.hibernate.AnnotationException: Illegal attempt to map a non collection as a @OneToMany, @ManyToMany or @CollectionOfElements: bakning.application.banking.entity.Customer.account
	at org.hibernate.cfg.annotations.CollectionBinder.getCollectionBinder(CollectionBinder.java:332)
	at org.hibernate.cfg.AnnotationBinder.processElementAnnotations(AnnotationBinder.java:1901)
	at org.hibernate.cfg.AnnotationBinder.processIdPropertiesIfNotAlready(AnnotationBinder.java:969)
	at org.hibernate.cfg.AnnotationBinder.bindClass(AnnotationBinder.java:796)
	at org.hibernate.boot.model.source.internal.annotations.AnnotationMetadataSourceProcessorImpl.processEntityHierarchies(AnnotationMetadataSourceProcessorImpl.java:250)
	at org.hibernate.boot.model.process.spi.MetadataBuildingProcess$1.processEntityHierarchies(MetadataBuildingProcess.java:231)
	at org.hibernate.boot.model.process.spi.MetadataBuildingProcess.complete(MetadataBuildingProcess.java:274)
	at org.hibernate.jpa.boot.internal.EntityManagerFactoryBuilderImpl.metadata(EntityManagerFactoryBuilderImpl.java:904)
	at org.hibernate.jpa.boot.internal.EntityManagerFactoryBuilderImpl.build(EntityManagerFactoryBuilderImpl.java:935)
	at org.springframework.orm.jpa.vendor.SpringHibernateJpaPersistenceProvider.createContainerEntityManagerFactory(SpringHibernateJpaPersistenceProvider.java:57)
	at org.springframework.orm.jpa.LocalContainerEntityManagerFactoryBean.createNativeEntityManagerFactory(LocalContainerEntityManagerFactoryBean.java:365)
	at org.springframework.orm.jpa.AbstractEntityManagerFactoryBean.buildNativeEntityManagerFactory(AbstractEntityManagerFactoryBean.java:390)
	at org.springframework.orm.jpa.AbstractEntityManagerFactoryBean.afterPropertiesSet(AbstractEntityManagerFactoryBean.java:377)
	at org.springframework.orm.jpa.LocalContainerEntityManagerFactoryBean.afterPropertiesSet(LocalContainerEntityManagerFactoryBean.java:341)
	at org.springframework.beans.factory.support.AbstractAutowireCapableBeanFactory.invokeInitMethods(AbstractAutowireCapableBeanFactory.java:1837)
	at org.springframework.beans.factory.support.AbstractAutowireCapableBeanFactory.initializeBean(AbstractAutowireCapableBeanFactory.java:1774)
	... 16 common frames omitted
2019-09-17 15:51:35,273 INFO bakning.application.banking.BankingApplication [main] Starting BankingApplication on WKMIN7305200 with PID 27152 (/Users/vardamod/IdeaProjects/banking/target/classes started by vardamod in /Users/vardamod/IdeaProjects/banking)
2019-09-17 15:51:35,275 INFO bakning.application.banking.BankingApplication [main] No active profile set, falling back to default profiles: default
2019-09-17 15:51:36,103 INFO org.apache.catalina.core.StandardService [main] Starting service [Tomcat]
2019-09-17 15:51:36,104 INFO org.apache.catalina.core.StandardEngine [main] Starting Servlet engine: [Apache Tomcat/9.0.24]
2019-09-17 15:51:36,174 INFO org.apache.catalina.core.ContainerBase.[Tomcat].[localhost].[/] [main] Initializing Spring embedded WebApplicationContext
2019-09-17 15:51:36,273 INFO com.zaxxer.hikari.HikariDataSource [main] HikariPool-1 - Starting...
2019-09-17 15:51:36,320 INFO com.zaxxer.hikari.HikariDataSource [main] HikariPool-1 - Start completed.
2019-09-17 15:51:36,359 INFO org.hibernate.jpa.internal.util.LogHelper [main] HHH000204: Processing PersistenceUnitInfo [
	name: default
	...]
2019-09-17 15:51:36,411 INFO org.hibernate.Version [main] HHH000412: Hibernate Core {5.3.11.Final}
2019-09-17 15:51:36,412 INFO org.hibernate.cfg.Environment [main] HHH000206: hibernate.properties not found
2019-09-17 15:51:36,594 INFO org.hibernate.annotations.common.Version [main] HCANN000001: Hibernate Commons Annotations {5.0.4.Final}
2019-09-17 15:51:36,691 INFO org.hibernate.dialect.Dialect [main] HHH000400: Using dialect: org.hibernate.dialect.PostgreSQL95Dialect
2019-09-17 15:51:36,704 INFO org.hibernate.engine.jdbc.env.internal.LobCreatorBuilderImpl [main] HHH000422: Disabling contextual LOB creation as connection was null
2019-09-17 15:51:36,708 INFO org.hibernate.type.BasicTypeRegistry [main] HHH000270: Type registration [java.util.UUID] overrides previous : org.hibernate.type.UUIDBinaryType@57402ba1
2019-09-17 15:51:36,780 INFO com.zaxxer.hikari.HikariDataSource [main] HikariPool-1 - Shutdown initiated...
2019-09-17 15:51:36,782 INFO com.zaxxer.hikari.HikariDataSource [main] HikariPool-1 - Shutdown completed.
2019-09-17 15:51:36,784 INFO org.apache.catalina.core.StandardService [main] Stopping service [Tomcat]
2019-09-17 15:51:36,803 ERROR org.springframework.boot.SpringApplication [main] Application run failed
org.springframework.beans.factory.BeanCreationException: Error creating bean with name 'entityManagerFactory' defined in class path resource [org/springframework/boot/autoconfigure/orm/jpa/HibernateJpaConfiguration.class]: Invocation of init method failed; nested exception is org.hibernate.AnnotationException: Illegal attempt to map a non collection as a @OneToMany, @ManyToMany or @CollectionOfElements: bakning.application.banking.entity.Customer.account
	at org.springframework.beans.factory.support.AbstractAutowireCapableBeanFactory.initializeBean(AbstractAutowireCapableBeanFactory.java:1778)
	at org.springframework.beans.factory.support.AbstractAutowireCapableBeanFactory.doCreateBean(AbstractAutowireCapableBeanFactory.java:593)
	at org.springframework.beans.factory.support.AbstractAutowireCapableBeanFactory.createBean(AbstractAutowireCapableBeanFactory.java:515)
	at org.springframework.beans.factory.support.AbstractBeanFactory.lambda$doGetBean$0(AbstractBeanFactory.java:320)
	at org.springframework.beans.factory.support.DefaultSingletonBeanRegistry.getSingleton(DefaultSingletonBeanRegistry.java:222)
	at org.springframework.beans.factory.support.AbstractBeanFactory.doGetBean(AbstractBeanFactory.java:318)
	at org.springframework.beans.factory.support.AbstractBeanFactory.getBean(AbstractBeanFactory.java:199)
	at org.springframework.context.support.AbstractApplicationContext.getBean(AbstractApplicationContext.java:1105)
	at org.springframework.context.support.AbstractApplicationContext.finishBeanFactoryInitialization(AbstractApplicationContext.java:867)
	at org.springframework.context.support.AbstractApplicationContext.refresh(AbstractApplicationContext.java:549)
	at org.springframework.boot.web.servlet.context.ServletWebServerApplicationContext.refresh(ServletWebServerApplicationContext.java:141)
	at org.springframework.boot.SpringApplication.refresh(SpringApplication.java:744)
	at org.springframework.boot.SpringApplication.refreshContext(SpringApplication.java:391)
	at org.springframework.boot.SpringApplication.run(SpringApplication.java:312)
	at org.springframework.boot.SpringApplication.run(SpringApplication.java:1215)
	at org.springframework.boot.SpringApplication.run(SpringApplication.java:1204)
	at bakning.application.banking.BankingApplication.main(BankingApplication.java:10)
Caused by: org.hibernate.AnnotationException: Illegal attempt to map a non collection as a @OneToMany, @ManyToMany or @CollectionOfElements: bakning.application.banking.entity.Customer.account
	at org.hibernate.cfg.annotations.CollectionBinder.getCollectionBinder(CollectionBinder.java:332)
	at org.hibernate.cfg.AnnotationBinder.processElementAnnotations(AnnotationBinder.java:1901)
	at org.hibernate.cfg.AnnotationBinder.processIdPropertiesIfNotAlready(AnnotationBinder.java:969)
	at org.hibernate.cfg.AnnotationBinder.bindClass(AnnotationBinder.java:796)
	at org.hibernate.boot.model.source.internal.annotations.AnnotationMetadataSourceProcessorImpl.processEntityHierarchies(AnnotationMetadataSourceProcessorImpl.java:250)
	at org.hibernate.boot.model.process.spi.MetadataBuildingProcess$1.processEntityHierarchies(MetadataBuildingProcess.java:231)
	at org.hibernate.boot.model.process.spi.MetadataBuildingProcess.complete(MetadataBuildingProcess.java:274)
	at org.hibernate.jpa.boot.internal.EntityManagerFactoryBuilderImpl.metadata(EntityManagerFactoryBuilderImpl.java:904)
	at org.hibernate.jpa.boot.internal.EntityManagerFactoryBuilderImpl.build(EntityManagerFactoryBuilderImpl.java:935)
	at org.springframework.orm.jpa.vendor.SpringHibernateJpaPersistenceProvider.createContainerEntityManagerFactory(SpringHibernateJpaPersistenceProvider.java:57)
	at org.springframework.orm.jpa.LocalContainerEntityManagerFactoryBean.createNativeEntityManagerFactory(LocalContainerEntityManagerFactoryBean.java:365)
	at org.springframework.orm.jpa.AbstractEntityManagerFactoryBean.buildNativeEntityManagerFactory(AbstractEntityManagerFactoryBean.java:390)
	at org.springframework.orm.jpa.AbstractEntityManagerFactoryBean.afterPropertiesSet(AbstractEntityManagerFactoryBean.java:377)
	at org.springframework.orm.jpa.LocalContainerEntityManagerFactoryBean.afterPropertiesSet(LocalContainerEntityManagerFactoryBean.java:341)
	at org.springframework.beans.factory.support.AbstractAutowireCapableBeanFactory.invokeInitMethods(AbstractAutowireCapableBeanFactory.java:1837)
	at org.springframework.beans.factory.support.AbstractAutowireCapableBeanFactory.initializeBean(AbstractAutowireCapableBeanFactory.java:1774)
	... 16 common frames omitted
2019-09-17 15:53:50,301 INFO bakning.application.banking.BankingApplication [main] Starting BankingApplication on WKMIN7305200 with PID 27184 (/Users/vardamod/IdeaProjects/banking/target/classes started by vardamod in /Users/vardamod/IdeaProjects/banking)
2019-09-17 15:53:50,303 INFO bakning.application.banking.BankingApplication [main] No active profile set, falling back to default profiles: default
2019-09-17 15:53:51,326 INFO org.apache.catalina.core.StandardService [main] Starting service [Tomcat]
2019-09-17 15:53:51,326 INFO org.apache.catalina.core.StandardEngine [main] Starting Servlet engine: [Apache Tomcat/9.0.24]
2019-09-17 15:53:51,392 INFO org.apache.catalina.core.ContainerBase.[Tomcat].[localhost].[/] [main] Initializing Spring embedded WebApplicationContext
2019-09-17 15:53:51,502 INFO com.zaxxer.hikari.HikariDataSource [main] HikariPool-1 - Starting...
2019-09-17 15:53:51,564 INFO com.zaxxer.hikari.HikariDataSource [main] HikariPool-1 - Start completed.
2019-09-17 15:53:51,611 INFO org.hibernate.jpa.internal.util.LogHelper [main] HHH000204: Processing PersistenceUnitInfo [
	name: default
	...]
2019-09-17 15:53:51,650 INFO org.hibernate.Version [main] HHH000412: Hibernate Core {5.3.11.Final}
2019-09-17 15:53:51,651 INFO org.hibernate.cfg.Environment [main] HHH000206: hibernate.properties not found
2019-09-17 15:53:51,770 INFO org.hibernate.annotations.common.Version [main] HCANN000001: Hibernate Commons Annotations {5.0.4.Final}
2019-09-17 15:53:51,859 INFO org.hibernate.dialect.Dialect [main] HHH000400: Using dialect: org.hibernate.dialect.PostgreSQL95Dialect
2019-09-17 15:53:51,869 INFO org.hibernate.engine.jdbc.env.internal.LobCreatorBuilderImpl [main] HHH000422: Disabling contextual LOB creation as connection was null
2019-09-17 15:53:51,873 INFO org.hibernate.type.BasicTypeRegistry [main] HHH000270: Type registration [java.util.UUID] overrides previous : org.hibernate.type.UUIDBinaryType@79d06bbd
2019-09-17 15:53:51,933 INFO com.zaxxer.hikari.HikariDataSource [main] HikariPool-1 - Shutdown initiated...
2019-09-17 15:53:51,935 INFO com.zaxxer.hikari.HikariDataSource [main] HikariPool-1 - Shutdown completed.
2019-09-17 15:53:51,937 INFO org.apache.catalina.core.StandardService [main] Stopping service [Tomcat]
2019-09-17 15:53:51,951 ERROR org.springframework.boot.SpringApplication [main] Application run failed
org.springframework.beans.factory.BeanCreationException: Error creating bean with name 'entityManagerFactory' defined in class path resource [org/springframework/boot/autoconfigure/orm/jpa/HibernateJpaConfiguration.class]: Invocation of init method failed; nested exception is org.hibernate.AnnotationException: Illegal attempt to map a non collection as a @OneToMany, @ManyToMany or @CollectionOfElements: bakning.application.banking.entity.Customer.account
	at org.springframework.beans.factory.support.AbstractAutowireCapableBeanFactory.initializeBean(AbstractAutowireCapableBeanFactory.java:1778)
	at org.springframework.beans.factory.support.AbstractAutowireCapableBeanFactory.doCreateBean(AbstractAutowireCapableBeanFactory.java:593)
	at org.springframework.beans.factory.support.AbstractAutowireCapableBeanFactory.createBean(AbstractAutowireCapableBeanFactory.java:515)
	at org.springframework.beans.factory.support.AbstractBeanFactory.lambda$doGetBean$0(AbstractBeanFactory.java:320)
	at org.springframework.beans.factory.support.DefaultSingletonBeanRegistry.getSingleton(DefaultSingletonBeanRegistry.java:222)
	at org.springframework.beans.factory.support.AbstractBeanFactory.doGetBean(AbstractBeanFactory.java:318)
	at org.springframework.beans.factory.support.AbstractBeanFactory.getBean(AbstractBeanFactory.java:199)
	at org.springframework.context.support.AbstractApplicationContext.getBean(AbstractApplicationContext.java:1105)
	at org.springframework.context.support.AbstractApplicationContext.finishBeanFactoryInitialization(AbstractApplicationContext.java:867)
	at org.springframework.context.support.AbstractApplicationContext.refresh(AbstractApplicationContext.java:549)
	at org.springframework.boot.web.servlet.context.ServletWebServerApplicationContext.refresh(ServletWebServerApplicationContext.java:141)
	at org.springframework.boot.SpringApplication.refresh(SpringApplication.java:744)
	at org.springframework.boot.SpringApplication.refreshContext(SpringApplication.java:391)
	at org.springframework.boot.SpringApplication.run(SpringApplication.java:312)
	at org.springframework.boot.SpringApplication.run(SpringApplication.java:1215)
	at org.springframework.boot.SpringApplication.run(SpringApplication.java:1204)
	at bakning.application.banking.BankingApplication.main(BankingApplication.java:10)
Caused by: org.hibernate.AnnotationException: Illegal attempt to map a non collection as a @OneToMany, @ManyToMany or @CollectionOfElements: bakning.application.banking.entity.Customer.account
	at org.hibernate.cfg.annotations.CollectionBinder.getCollectionBinder(CollectionBinder.java:332)
	at org.hibernate.cfg.AnnotationBinder.processElementAnnotations(AnnotationBinder.java:1901)
	at org.hibernate.cfg.AnnotationBinder.processIdPropertiesIfNotAlready(AnnotationBinder.java:969)
	at org.hibernate.cfg.AnnotationBinder.bindClass(AnnotationBinder.java:796)
	at org.hibernate.boot.model.source.internal.annotations.AnnotationMetadataSourceProcessorImpl.processEntityHierarchies(AnnotationMetadataSourceProcessorImpl.java:250)
	at org.hibernate.boot.model.process.spi.MetadataBuildingProcess$1.processEntityHierarchies(MetadataBuildingProcess.java:231)
	at org.hibernate.boot.model.process.spi.MetadataBuildingProcess.complete(MetadataBuildingProcess.java:274)
	at org.hibernate.jpa.boot.internal.EntityManagerFactoryBuilderImpl.metadata(EntityManagerFactoryBuilderImpl.java:904)
	at org.hibernate.jpa.boot.internal.EntityManagerFactoryBuilderImpl.build(EntityManagerFactoryBuilderImpl.java:935)
	at org.springframework.orm.jpa.vendor.SpringHibernateJpaPersistenceProvider.createContainerEntityManagerFactory(SpringHibernateJpaPersistenceProvider.java:57)
	at org.springframework.orm.jpa.LocalContainerEntityManagerFactoryBean.createNativeEntityManagerFactory(LocalContainerEntityManagerFactoryBean.java:365)
	at org.springframework.orm.jpa.AbstractEntityManagerFactoryBean.buildNativeEntityManagerFactory(AbstractEntityManagerFactoryBean.java:390)
	at org.springframework.orm.jpa.AbstractEntityManagerFactoryBean.afterPropertiesSet(AbstractEntityManagerFactoryBean.java:377)
	at org.springframework.orm.jpa.LocalContainerEntityManagerFactoryBean.afterPropertiesSet(LocalContainerEntityManagerFactoryBean.java:341)
	at org.springframework.beans.factory.support.AbstractAutowireCapableBeanFactory.invokeInitMethods(AbstractAutowireCapableBeanFactory.java:1837)
	at org.springframework.beans.factory.support.AbstractAutowireCapableBeanFactory.initializeBean(AbstractAutowireCapableBeanFactory.java:1774)
	... 16 common frames omitted
2019-09-17 15:54:55,444 INFO bakning.application.banking.BankingApplication [main] Starting BankingApplication on WKMIN7305200 with PID 27201 (/Users/vardamod/IdeaProjects/banking/target/classes started by vardamod in /Users/vardamod/IdeaProjects/banking)
2019-09-17 15:54:55,446 INFO bakning.application.banking.BankingApplication [main] No active profile set, falling back to default profiles: default
2019-09-17 15:54:56,221 INFO org.apache.catalina.core.StandardService [main] Starting service [Tomcat]
2019-09-17 15:54:56,221 INFO org.apache.catalina.core.StandardEngine [main] Starting Servlet engine: [Apache Tomcat/9.0.24]
2019-09-17 15:54:56,288 INFO org.apache.catalina.core.ContainerBase.[Tomcat].[localhost].[/] [main] Initializing Spring embedded WebApplicationContext
2019-09-17 15:54:56,383 INFO com.zaxxer.hikari.HikariDataSource [main] HikariPool-1 - Starting...
2019-09-17 15:54:56,429 INFO com.zaxxer.hikari.HikariDataSource [main] HikariPool-1 - Start completed.
2019-09-17 15:54:56,468 INFO org.hibernate.jpa.internal.util.LogHelper [main] HHH000204: Processing PersistenceUnitInfo [
	name: default
	...]
2019-09-17 15:54:56,508 INFO org.hibernate.Version [main] HHH000412: Hibernate Core {5.3.11.Final}
2019-09-17 15:54:56,509 INFO org.hibernate.cfg.Environment [main] HHH000206: hibernate.properties not found
2019-09-17 15:54:56,627 INFO org.hibernate.annotations.common.Version [main] HCANN000001: Hibernate Commons Annotations {5.0.4.Final}
2019-09-17 15:54:56,706 INFO org.hibernate.dialect.Dialect [main] HHH000400: Using dialect: org.hibernate.dialect.PostgreSQL95Dialect
2019-09-17 15:54:56,716 INFO org.hibernate.engine.jdbc.env.internal.LobCreatorBuilderImpl [main] HHH000422: Disabling contextual LOB creation as connection was null
2019-09-17 15:54:56,720 INFO org.hibernate.type.BasicTypeRegistry [main] HHH000270: Type registration [java.util.UUID] overrides previous : org.hibernate.type.UUIDBinaryType@3419e23b
2019-09-17 15:54:56,797 INFO com.zaxxer.hikari.HikariDataSource [main] HikariPool-1 - Shutdown initiated...
2019-09-17 15:54:56,799 INFO com.zaxxer.hikari.HikariDataSource [main] HikariPool-1 - Shutdown completed.
2019-09-17 15:54:56,801 INFO org.apache.catalina.core.StandardService [main] Stopping service [Tomcat]
2019-09-17 15:54:56,818 ERROR org.springframework.boot.SpringApplication [main] Application run failed
org.springframework.beans.factory.BeanCreationException: Error creating bean with name 'entityManagerFactory' defined in class path resource [org/springframework/boot/autoconfigure/orm/jpa/HibernateJpaConfiguration.class]: Invocation of init method failed; nested exception is org.hibernate.AnnotationException: Illegal attempt to map a non collection as a @OneToMany, @ManyToMany or @CollectionOfElements: bakning.application.banking.entity.Customer.documents
	at org.springframework.beans.factory.support.AbstractAutowireCapableBeanFactory.initializeBean(AbstractAutowireCapableBeanFactory.java:1778)
	at org.springframework.beans.factory.support.AbstractAutowireCapableBeanFactory.doCreateBean(AbstractAutowireCapableBeanFactory.java:593)
	at org.springframework.beans.factory.support.AbstractAutowireCapableBeanFactory.createBean(AbstractAutowireCapableBeanFactory.java:515)
	at org.springframework.beans.factory.support.AbstractBeanFactory.lambda$doGetBean$0(AbstractBeanFactory.java:320)
	at org.springframework.beans.factory.support.DefaultSingletonBeanRegistry.getSingleton(DefaultSingletonBeanRegistry.java:222)
	at org.springframework.beans.factory.support.AbstractBeanFactory.doGetBean(AbstractBeanFactory.java:318)
	at org.springframework.beans.factory.support.AbstractBeanFactory.getBean(AbstractBeanFactory.java:199)
	at org.springframework.context.support.AbstractApplicationContext.getBean(AbstractApplicationContext.java:1105)
	at org.springframework.context.support.AbstractApplicationContext.finishBeanFactoryInitialization(AbstractApplicationContext.java:867)
	at org.springframework.context.support.AbstractApplicationContext.refresh(AbstractApplicationContext.java:549)
	at org.springframework.boot.web.servlet.context.ServletWebServerApplicationContext.refresh(ServletWebServerApplicationContext.java:141)
	at org.springframework.boot.SpringApplication.refresh(SpringApplication.java:744)
	at org.springframework.boot.SpringApplication.refreshContext(SpringApplication.java:391)
	at org.springframework.boot.SpringApplication.run(SpringApplication.java:312)
	at org.springframework.boot.SpringApplication.run(SpringApplication.java:1215)
	at org.springframework.boot.SpringApplication.run(SpringApplication.java:1204)
	at bakning.application.banking.BankingApplication.main(BankingApplication.java:10)
Caused by: org.hibernate.AnnotationException: Illegal attempt to map a non collection as a @OneToMany, @ManyToMany or @CollectionOfElements: bakning.application.banking.entity.Customer.documents
	at org.hibernate.cfg.annotations.CollectionBinder.getCollectionBinder(CollectionBinder.java:332)
	at org.hibernate.cfg.AnnotationBinder.processElementAnnotations(AnnotationBinder.java:1901)
	at org.hibernate.cfg.AnnotationBinder.processIdPropertiesIfNotAlready(AnnotationBinder.java:969)
	at org.hibernate.cfg.AnnotationBinder.bindClass(AnnotationBinder.java:796)
	at org.hibernate.boot.model.source.internal.annotations.AnnotationMetadataSourceProcessorImpl.processEntityHierarchies(AnnotationMetadataSourceProcessorImpl.java:250)
	at org.hibernate.boot.model.process.spi.MetadataBuildingProcess$1.processEntityHierarchies(MetadataBuildingProcess.java:231)
	at org.hibernate.boot.model.process.spi.MetadataBuildingProcess.complete(MetadataBuildingProcess.java:274)
	at org.hibernate.jpa.boot.internal.EntityManagerFactoryBuilderImpl.metadata(EntityManagerFactoryBuilderImpl.java:904)
	at org.hibernate.jpa.boot.internal.EntityManagerFactoryBuilderImpl.build(EntityManagerFactoryBuilderImpl.java:935)
	at org.springframework.orm.jpa.vendor.SpringHibernateJpaPersistenceProvider.createContainerEntityManagerFactory(SpringHibernateJpaPersistenceProvider.java:57)
	at org.springframework.orm.jpa.LocalContainerEntityManagerFactoryBean.createNativeEntityManagerFactory(LocalContainerEntityManagerFactoryBean.java:365)
	at org.springframework.orm.jpa.AbstractEntityManagerFactoryBean.buildNativeEntityManagerFactory(AbstractEntityManagerFactoryBean.java:390)
	at org.springframework.orm.jpa.AbstractEntityManagerFactoryBean.afterPropertiesSet(AbstractEntityManagerFactoryBean.java:377)
	at org.springframework.orm.jpa.LocalContainerEntityManagerFactoryBean.afterPropertiesSet(LocalContainerEntityManagerFactoryBean.java:341)
	at org.springframework.beans.factory.support.AbstractAutowireCapableBeanFactory.invokeInitMethods(AbstractAutowireCapableBeanFactory.java:1837)
	at org.springframework.beans.factory.support.AbstractAutowireCapableBeanFactory.initializeBean(AbstractAutowireCapableBeanFactory.java:1774)
	... 16 common frames omitted
2019-09-17 15:55:27,675 INFO bakning.application.banking.BankingApplication [main] Starting BankingApplication on WKMIN7305200 with PID 27214 (/Users/vardamod/IdeaProjects/banking/target/classes started by vardamod in /Users/vardamod/IdeaProjects/banking)
2019-09-17 15:55:27,677 INFO bakning.application.banking.BankingApplication [main] No active profile set, falling back to default profiles: default
2019-09-17 15:55:28,496 INFO org.apache.catalina.core.StandardService [main] Starting service [Tomcat]
2019-09-17 15:55:28,497 INFO org.apache.catalina.core.StandardEngine [main] Starting Servlet engine: [Apache Tomcat/9.0.24]
2019-09-17 15:55:28,561 INFO org.apache.catalina.core.ContainerBase.[Tomcat].[localhost].[/] [main] Initializing Spring embedded WebApplicationContext
2019-09-17 15:55:28,651 INFO com.zaxxer.hikari.HikariDataSource [main] HikariPool-1 - Starting...
2019-09-17 15:55:28,695 INFO com.zaxxer.hikari.HikariDataSource [main] HikariPool-1 - Start completed.
2019-09-17 15:55:28,729 INFO org.hibernate.jpa.internal.util.LogHelper [main] HHH000204: Processing PersistenceUnitInfo [
	name: default
	...]
2019-09-17 15:55:28,773 INFO org.hibernate.Version [main] HHH000412: Hibernate Core {5.3.11.Final}
2019-09-17 15:55:28,774 INFO org.hibernate.cfg.Environment [main] HHH000206: hibernate.properties not found
2019-09-17 15:55:28,893 INFO org.hibernate.annotations.common.Version [main] HCANN000001: Hibernate Commons Annotations {5.0.4.Final}
2019-09-17 15:55:28,976 INFO org.hibernate.dialect.Dialect [main] HHH000400: Using dialect: org.hibernate.dialect.PostgreSQL95Dialect
2019-09-17 15:55:28,990 INFO org.hibernate.engine.jdbc.env.internal.LobCreatorBuilderImpl [main] HHH000422: Disabling contextual LOB creation as connection was null
2019-09-17 15:55:28,994 INFO org.hibernate.type.BasicTypeRegistry [main] HHH000270: Type registration [java.util.UUID] overrides previous : org.hibernate.type.UUIDBinaryType@21f459fc
2019-09-17 15:55:29,507 WARN org.hibernate.engine.jdbc.spi.SqlExceptionHelper [main] SQL Warning Code: 0, SQLState: 00000
2019-09-17 15:55:29,508 WARN org.hibernate.engine.jdbc.spi.SqlExceptionHelper [main] relation "bank_account_customer" does not exist, skipping
2019-09-17 15:55:29,508 WARN org.hibernate.engine.jdbc.spi.SqlExceptionHelper [main] SQL Warning Code: 0, SQLState: 00000
2019-09-17 15:55:29,509 WARN org.hibernate.engine.jdbc.spi.SqlExceptionHelper [main] relation "bank_account_customer" does not exist, skipping
2019-09-17 15:55:29,509 WARN org.hibernate.engine.jdbc.spi.SqlExceptionHelper [main] SQL Warning Code: 0, SQLState: 00000
2019-09-17 15:55:29,509 WARN org.hibernate.engine.jdbc.spi.SqlExceptionHelper [main] relation "bankdocument" does not exist, skipping
2019-09-17 15:55:29,509 WARN org.hibernate.engine.jdbc.spi.SqlExceptionHelper [main] SQL Warning Code: 0, SQLState: 00000
2019-09-17 15:55:29,509 WARN org.hibernate.engine.jdbc.spi.SqlExceptionHelper [main] relation "customer_account" does not exist, skipping
2019-09-17 15:55:29,510 WARN org.hibernate.engine.jdbc.spi.SqlExceptionHelper [main] SQL Warning Code: 0, SQLState: 00000
2019-09-17 15:55:29,510 WARN org.hibernate.engine.jdbc.spi.SqlExceptionHelper [main] relation "customer_account" does not exist, skipping
2019-09-17 15:55:29,510 WARN org.hibernate.engine.jdbc.spi.SqlExceptionHelper [main] SQL Warning Code: 0, SQLState: 00000
2019-09-17 15:55:29,510 WARN org.hibernate.engine.jdbc.spi.SqlExceptionHelper [main] relation "customer_address" does not exist, skipping
2019-09-17 15:55:29,510 WARN org.hibernate.engine.jdbc.spi.SqlExceptionHelper [main] SQL Warning Code: 0, SQLState: 00000
2019-09-17 15:55:29,510 WARN org.hibernate.engine.jdbc.spi.SqlExceptionHelper [main] relation "customer_address" does not exist, skipping
2019-09-17 15:55:29,512 WARN org.hibernate.engine.jdbc.spi.SqlExceptionHelper [main] SQL Warning Code: 0, SQLState: 00000
2019-09-17 15:55:29,512 WARN org.hibernate.engine.jdbc.spi.SqlExceptionHelper [main] table "address" does not exist, skipping
2019-09-17 15:55:29,513 WARN org.hibernate.engine.jdbc.spi.SqlExceptionHelper [main] SQL Warning Code: 0, SQLState: 00000
2019-09-17 15:55:29,513 WARN org.hibernate.engine.jdbc.spi.SqlExceptionHelper [main] table "bank_account" does not exist, skipping
2019-09-17 15:55:29,513 WARN org.hibernate.engine.jdbc.spi.SqlExceptionHelper [main] SQL Warning Code: 0, SQLState: 00000
2019-09-17 15:55:29,513 WARN org.hibernate.engine.jdbc.spi.SqlExceptionHelper [main] table "bank_account_customer" does not exist, skipping
2019-09-17 15:55:29,513 WARN org.hibernate.engine.jdbc.spi.SqlExceptionHelper [main] SQL Warning Code: 0, SQLState: 00000
2019-09-17 15:55:29,514 WARN org.hibernate.engine.jdbc.spi.SqlExceptionHelper [main] table "bankdocument" does not exist, skipping
2019-09-17 15:55:29,514 WARN org.hibernate.engine.jdbc.spi.SqlExceptionHelper [main] SQL Warning Code: 0, SQLState: 00000
2019-09-17 15:55:29,514 WARN org.hibernate.engine.jdbc.spi.SqlExceptionHelper [main] table "customer" does not exist, skipping
2019-09-17 15:55:29,514 WARN org.hibernate.engine.jdbc.spi.SqlExceptionHelper [main] SQL Warning Code: 0, SQLState: 00000
2019-09-17 15:55:29,514 WARN org.hibernate.engine.jdbc.spi.SqlExceptionHelper [main] table "customer_account" does not exist, skipping
2019-09-17 15:55:29,515 WARN org.hibernate.engine.jdbc.spi.SqlExceptionHelper [main] SQL Warning Code: 0, SQLState: 00000
2019-09-17 15:55:29,515 WARN org.hibernate.engine.jdbc.spi.SqlExceptionHelper [main] table "customer_address" does not exist, skipping
2019-09-17 15:55:29,572 INFO org.hibernate.tool.schema.internal.SchemaCreatorImpl [main] HHH000476: Executing import script 'org.hibernate.tool.schema.internal.exec.ScriptSourceInputNonExistentImpl@75b38c36'
2019-09-17 15:55:30,038 INFO bakning.application.banking.BankingApplication [main] Started BankingApplication in 2.628 seconds (JVM running for 3.099)
2019-09-17 16:07:23,906 INFO org.hibernate.tool.schema.internal.SchemaDropperImpl$DelayedDropActionImpl [Thread-9] HHH000477: Starting delayed evictData of schema as part of SessionFactory shut-down'
2019-09-17 16:07:23,933 INFO com.zaxxer.hikari.HikariDataSource [Thread-9] HikariPool-1 - Shutdown initiated...
2019-09-17 16:07:23,934 INFO com.zaxxer.hikari.HikariDataSource [Thread-9] HikariPool-1 - Shutdown completed.
2019-09-17 16:07:35,228 INFO bakning.application.banking.BankingApplication [main] Starting BankingApplication on WKMIN7305200 with PID 27428 (/Users/vardamod/IdeaProjects/banking/target/classes started by vardamod in /Users/vardamod/IdeaProjects/banking)
2019-09-17 16:07:35,229 INFO bakning.application.banking.BankingApplication [main] No active profile set, falling back to default profiles: default
2019-09-17 16:07:36,074 INFO org.apache.catalina.core.StandardService [main] Starting service [Tomcat]
2019-09-17 16:07:36,074 INFO org.apache.catalina.core.StandardEngine [main] Starting Servlet engine: [Apache Tomcat/9.0.24]
2019-09-17 16:07:36,134 INFO org.apache.catalina.core.ContainerBase.[Tomcat].[localhost].[/] [main] Initializing Spring embedded WebApplicationContext
2019-09-17 16:07:36,226 INFO com.zaxxer.hikari.HikariDataSource [main] HikariPool-1 - Starting...
2019-09-17 16:07:36,277 INFO com.zaxxer.hikari.HikariDataSource [main] HikariPool-1 - Start completed.
2019-09-17 16:07:36,314 INFO org.hibernate.jpa.internal.util.LogHelper [main] HHH000204: Processing PersistenceUnitInfo [
	name: default
	...]
2019-09-17 16:07:36,358 INFO org.hibernate.Version [main] HHH000412: Hibernate Core {5.3.11.Final}
2019-09-17 16:07:36,359 INFO org.hibernate.cfg.Environment [main] HHH000206: hibernate.properties not found
2019-09-17 16:07:36,483 INFO org.hibernate.annotations.common.Version [main] HCANN000001: Hibernate Commons Annotations {5.0.4.Final}
2019-09-17 16:07:36,573 INFO org.hibernate.dialect.Dialect [main] HHH000400: Using dialect: org.hibernate.dialect.PostgreSQL95Dialect
2019-09-17 16:07:36,586 INFO org.hibernate.engine.jdbc.env.internal.LobCreatorBuilderImpl [main] HHH000422: Disabling contextual LOB creation as connection was null
2019-09-17 16:07:36,590 INFO org.hibernate.type.BasicTypeRegistry [main] HHH000270: Type registration [java.util.UUID] overrides previous : org.hibernate.type.UUIDBinaryType@53830483
2019-09-17 16:07:37,028 WARN org.hibernate.engine.jdbc.spi.SqlExceptionHelper [main] SQL Warning Code: 0, SQLState: 00000
2019-09-17 16:07:37,028 WARN org.hibernate.engine.jdbc.spi.SqlExceptionHelper [main] relation "bank_account_customer" does not exist, skipping
2019-09-17 16:07:37,029 WARN org.hibernate.engine.jdbc.spi.SqlExceptionHelper [main] SQL Warning Code: 0, SQLState: 00000
2019-09-17 16:07:37,029 WARN org.hibernate.engine.jdbc.spi.SqlExceptionHelper [main] relation "bank_account_customer" does not exist, skipping
2019-09-17 16:07:37,029 WARN org.hibernate.engine.jdbc.spi.SqlExceptionHelper [main] SQL Warning Code: 0, SQLState: 00000
2019-09-17 16:07:37,029 WARN org.hibernate.engine.jdbc.spi.SqlExceptionHelper [main] relation "bankdocument" does not exist, skipping
2019-09-17 16:07:37,030 WARN org.hibernate.engine.jdbc.spi.SqlExceptionHelper [main] SQL Warning Code: 0, SQLState: 00000
2019-09-17 16:07:37,030 WARN org.hibernate.engine.jdbc.spi.SqlExceptionHelper [main] relation "customer_account" does not exist, skipping
2019-09-17 16:07:37,030 WARN org.hibernate.engine.jdbc.spi.SqlExceptionHelper [main] SQL Warning Code: 0, SQLState: 00000
2019-09-17 16:07:37,030 WARN org.hibernate.engine.jdbc.spi.SqlExceptionHelper [main] relation "customer_account" does not exist, skipping
2019-09-17 16:07:37,031 WARN org.hibernate.engine.jdbc.spi.SqlExceptionHelper [main] SQL Warning Code: 0, SQLState: 00000
2019-09-17 16:07:37,031 WARN org.hibernate.engine.jdbc.spi.SqlExceptionHelper [main] relation "customer_address" does not exist, skipping
2019-09-17 16:07:37,031 WARN org.hibernate.engine.jdbc.spi.SqlExceptionHelper [main] SQL Warning Code: 0, SQLState: 00000
2019-09-17 16:07:37,031 WARN org.hibernate.engine.jdbc.spi.SqlExceptionHelper [main] relation "customer_address" does not exist, skipping
2019-09-17 16:07:37,032 WARN org.hibernate.engine.jdbc.spi.SqlExceptionHelper [main] SQL Warning Code: 0, SQLState: 00000
2019-09-17 16:07:37,032 WARN org.hibernate.engine.jdbc.spi.SqlExceptionHelper [main] table "address" does not exist, skipping
2019-09-17 16:07:37,032 WARN org.hibernate.engine.jdbc.spi.SqlExceptionHelper [main] SQL Warning Code: 0, SQLState: 00000
2019-09-17 16:07:37,032 WARN org.hibernate.engine.jdbc.spi.SqlExceptionHelper [main] table "bank_account" does not exist, skipping
2019-09-17 16:07:37,032 WARN org.hibernate.engine.jdbc.spi.SqlExceptionHelper [main] SQL Warning Code: 0, SQLState: 00000
2019-09-17 16:07:37,032 WARN org.hibernate.engine.jdbc.spi.SqlExceptionHelper [main] table "bank_account_customer" does not exist, skipping
2019-09-17 16:07:37,033 WARN org.hibernate.engine.jdbc.spi.SqlExceptionHelper [main] SQL Warning Code: 0, SQLState: 00000
2019-09-17 16:07:37,033 WARN org.hibernate.engine.jdbc.spi.SqlExceptionHelper [main] table "bankdocument" does not exist, skipping
2019-09-17 16:07:37,033 WARN org.hibernate.engine.jdbc.spi.SqlExceptionHelper [main] SQL Warning Code: 0, SQLState: 00000
2019-09-17 16:07:37,033 WARN org.hibernate.engine.jdbc.spi.SqlExceptionHelper [main] table "customer" does not exist, skipping
2019-09-17 16:07:37,033 WARN org.hibernate.engine.jdbc.spi.SqlExceptionHelper [main] SQL Warning Code: 0, SQLState: 00000
2019-09-17 16:07:37,033 WARN org.hibernate.engine.jdbc.spi.SqlExceptionHelper [main] table "customer_account" does not exist, skipping
2019-09-17 16:07:37,034 WARN org.hibernate.engine.jdbc.spi.SqlExceptionHelper [main] SQL Warning Code: 0, SQLState: 00000
2019-09-17 16:07:37,034 WARN org.hibernate.engine.jdbc.spi.SqlExceptionHelper [main] table "customer_address" does not exist, skipping
2019-09-17 16:07:37,064 INFO org.hibernate.tool.schema.internal.SchemaCreatorImpl [main] HHH000476: Executing import script 'org.hibernate.tool.schema.internal.exec.ScriptSourceInputNonExistentImpl@cfd1075'
2019-09-17 16:07:37,623 INFO bakning.application.banking.BankingApplication [main] Started BankingApplication in 2.678 seconds (JVM running for 3.127)
